<?xml version="1.0" encoding="UTF-8"?>
<robot generator="Robot 3.1.2 (Python 3.7.4 on win32)" generated="20200216 23:46:50.546" rpa="false">
<suite id="s1" name="WriteToExcel" source="F:\Study\RobotFramework\RobotFrameworkPilot\TestAsset\Scripts\WriteToExcel.robot">
<test id="s1-t1" name="WriteData">
<kw name="SetData" library="Main">
<arguments>
<arg>DataTable.Data</arg>
<arg>TC_02</arg>
</arguments>
<kw name="Get Index" library="ExcelWriter">
<arguments>
<arg>Name</arg>
<arg>TC_02</arg>
</arguments>
<assign>
<var>@{value}</var>
</assign>
<msg timestamp="20200216 23:46:51.609" level="INFO">@{value} = [ 1 | 1 ]</msg>
<status status="PASS" starttime="20200216 23:46:51.593" endtime="20200216 23:46:51.609"></status>
</kw>
<kw name="Write To File" library="ExcelWriter">
<arguments>
<arg>@{value}</arg>
<arg>hemendra</arg>
</arguments>
<status status="PASS" starttime="20200216 23:46:51.609" endtime="20200216 23:46:51.624"></status>
</kw>
<status status="PASS" starttime="20200216 23:46:51.593" endtime="20200216 23:46:51.624"></status>
</kw>
<status status="PASS" starttime="20200216 23:46:51.593" endtime="20200216 23:46:51.624" critical="yes"></status>
</test>
<status status="PASS" starttime="20200216 23:46:50.562" endtime="20200216 23:46:51.624"></status>
</suite>
<statistics>
<total>
<stat pass="1" fail="0">Critical Tests</stat>
<stat pass="1" fail="0">All Tests</stat>
</total>
<tag>
</tag>
<suite>
<stat pass="1" fail="0" id="s1" name="WriteToExcel">WriteToExcel</stat>
</suite>
</statistics>
<errors>
</errors>
</robot>
