<?xml version="1.0" encoding="UTF-8"?>
<robot generator="Robot 3.1.2 (Python 3.7.4 on win32)" generated="20200206 21:48:47.661" rpa="false">
<suite id="s1" name="ReadExcelData" source="F:\Study\RobotFramework\RobotFrameworkPilot\TestAsset\Scripts\ReadExcelData.robot">
<test id="s1-t1" name="ReadExcelData">
<kw name="GetData" library="Main">
<arguments>
<arg>DataTable.Data</arg>
<arg>TC_01</arg>
</arguments>
<kw name="Read Row" library="ExcelReader">
<arguments>
<arg>${Datatable}</arg>
<arg>${rowId}</arg>
</arguments>
<assign>
<var>${rowVar}</var>
</assign>
<msg timestamp="20200206 21:48:48.723" level="INFO">${rowVar} = {'Name': 'ABC', 'Age': 33, 'Marks': 25, 'Parallel_Instance': nan, 'Run_Flag': 'Y', 'Tag_Name': 'Smoke'}</msg>
<status status="PASS" starttime="20200206 21:48:48.692" endtime="20200206 21:48:48.723"></status>
</kw>
<kw name="Log" library="BuiltIn">
<doc>Logs the given message with the given level.</doc>
<arguments>
<arg>${rowVar['Name']}</arg>
</arguments>
<msg timestamp="20200206 21:48:48.723" level="INFO">ABC</msg>
<status status="PASS" starttime="20200206 21:48:48.723" endtime="20200206 21:48:48.723"></status>
</kw>
<kw name="Log" library="BuiltIn">
<doc>Logs the given message with the given level.</doc>
<arguments>
<arg>${rowVar['Age']}</arg>
</arguments>
<msg timestamp="20200206 21:48:48.723" level="INFO">33</msg>
<status status="PASS" starttime="20200206 21:48:48.723" endtime="20200206 21:48:48.723"></status>
</kw>
<kw name="Log" library="BuiltIn">
<doc>Logs the given message with the given level.</doc>
<arguments>
<arg>${rowVar['Tag_Name']}</arg>
</arguments>
<msg timestamp="20200206 21:48:48.723" level="INFO">Smoke</msg>
<status status="PASS" starttime="20200206 21:48:48.723" endtime="20200206 21:48:48.723"></status>
</kw>
<status status="PASS" starttime="20200206 21:48:48.692" endtime="20200206 21:48:48.723"></status>
</kw>
<kw name="GetData" library="Main">
<arguments>
<arg>Kroll.Sheet1</arg>
<arg>Run</arg>
</arguments>
<kw name="Read Row" library="ExcelReader">
<arguments>
<arg>${Datatable}</arg>
<arg>${rowId}</arg>
</arguments>
<assign>
<var>${rowVar}</var>
</assign>
<msg timestamp="20200206 21:48:48.739" level="INFO">${rowVar} = {'Name': 'XYZ', 'Age': 12, 'Marks': 34, 'Parallel_Instance': 'Yes', 'Run_Flag': 'N', 'Tag_Name': 'Dry Run'}</msg>
<status status="PASS" starttime="20200206 21:48:48.723" endtime="20200206 21:48:48.739"></status>
</kw>
<kw name="Log" library="BuiltIn">
<doc>Logs the given message with the given level.</doc>
<arguments>
<arg>${rowVar['Name']}</arg>
</arguments>
<msg timestamp="20200206 21:48:48.739" level="INFO">XYZ</msg>
<status status="PASS" starttime="20200206 21:48:48.739" endtime="20200206 21:48:48.739"></status>
</kw>
<kw name="Log" library="BuiltIn">
<doc>Logs the given message with the given level.</doc>
<arguments>
<arg>${rowVar['Age']}</arg>
</arguments>
<msg timestamp="20200206 21:48:48.739" level="INFO">12</msg>
<status status="PASS" starttime="20200206 21:48:48.739" endtime="20200206 21:48:48.739"></status>
</kw>
<kw name="Log" library="BuiltIn">
<doc>Logs the given message with the given level.</doc>
<arguments>
<arg>${rowVar['Tag_Name']}</arg>
</arguments>
<msg timestamp="20200206 21:48:48.739" level="INFO">Dry Run</msg>
<status status="PASS" starttime="20200206 21:48:48.739" endtime="20200206 21:48:48.739"></status>
</kw>
<status status="PASS" starttime="20200206 21:48:48.723" endtime="20200206 21:48:48.739"></status>
</kw>
<kw name="GetData" library="Main">
<arguments>
<arg>Kroll.Sheet2</arg>
<arg>New</arg>
</arguments>
<kw name="Read Row" library="ExcelReader">
<arguments>
<arg>${Datatable}</arg>
<arg>${rowId}</arg>
</arguments>
<assign>
<var>${rowVar}</var>
</assign>
<msg timestamp="20200206 21:48:48.755" level="INFO">${rowVar} = {'Name': 'ABC', 'Age': 33, 'Marks': 25, 'Parallel_Instance': nan, 'Run_Flag': 'Y', 'Tag_Name': 'Smoke'}</msg>
<status status="PASS" starttime="20200206 21:48:48.739" endtime="20200206 21:48:48.755"></status>
</kw>
<kw name="Log" library="BuiltIn">
<doc>Logs the given message with the given level.</doc>
<arguments>
<arg>${rowVar['Name']}</arg>
</arguments>
<msg timestamp="20200206 21:48:48.755" level="INFO">ABC</msg>
<status status="PASS" starttime="20200206 21:48:48.755" endtime="20200206 21:48:48.755"></status>
</kw>
<kw name="Log" library="BuiltIn">
<doc>Logs the given message with the given level.</doc>
<arguments>
<arg>${rowVar['Age']}</arg>
</arguments>
<msg timestamp="20200206 21:48:48.755" level="INFO">33</msg>
<status status="PASS" starttime="20200206 21:48:48.755" endtime="20200206 21:48:48.755"></status>
</kw>
<kw name="Log" library="BuiltIn">
<doc>Logs the given message with the given level.</doc>
<arguments>
<arg>${rowVar['Tag_Name']}</arg>
</arguments>
<msg timestamp="20200206 21:48:48.755" level="INFO">Smoke</msg>
<status status="PASS" starttime="20200206 21:48:48.755" endtime="20200206 21:48:48.755"></status>
</kw>
<status status="PASS" starttime="20200206 21:48:48.739" endtime="20200206 21:48:48.755"></status>
</kw>
<status status="PASS" starttime="20200206 21:48:48.692" endtime="20200206 21:48:48.755" critical="yes"></status>
</test>
<status status="PASS" starttime="20200206 21:48:47.677" endtime="20200206 21:48:48.755"></status>
</suite>
<statistics>
<total>
<stat pass="1" fail="0">Critical Tests</stat>
<stat pass="1" fail="0">All Tests</stat>
</total>
<tag>
</tag>
<suite>
<stat pass="1" fail="0" id="s1" name="ReadExcelData">ReadExcelData</stat>
</suite>
</statistics>
<errors>
</errors>
</robot>
