<?xml version="1.0" encoding="UTF-8"?>
<robot generator="Rebot 3.1.2 (Python 3.7.4 on win32)" generated="20200216 23:50:09.215" rpa="false">
<suite id="s1" name="VerifyNotepad" source="F:\Study\RobotFramework\RobotFrameworkPilot\TestAsset\Scripts\VerifyNotepad.robot">
<test id="s1-t1" name="VerifyAutoIT">
<kw name="OpenNotepad" library="Main">
<kw name="Send" library="autoit">
<doc>Sends simulated keystrokes to the active window.
:param send_text:
:param mode: Changes how "keys" is processed:
    flag = 0 (default), Text contains special characters like + and ! to
     indicate SHIFT and ALT key presses.
    flag = 1, keys are sent raw.
:return:</doc>
<arguments>
<arg>{LWINDOWN}</arg>
</arguments>
<status status="PASS" starttime="20200216 23:50:05.246" endtime="20200216 23:50:05.261"></status>
</kw>
<kw name="Sleep" library="BuiltIn">
<doc>Pauses the test executed for the given time.</doc>
<arguments>
<arg>1</arg>
</arguments>
<msg timestamp="20200216 23:50:06.261" level="INFO">Slept 1 second</msg>
<status status="PASS" starttime="20200216 23:50:05.261" endtime="20200216 23:50:06.261"></status>
</kw>
<kw name="Send" library="autoit">
<doc>Sends simulated keystrokes to the active window.
:param send_text:
:param mode: Changes how "keys" is processed:
    flag = 0 (default), Text contains special characters like + and ! to
     indicate SHIFT and ALT key presses.
    flag = 1, keys are sent raw.
:return:</doc>
<arguments>
<arg>{r}</arg>
</arguments>
<status status="PASS" starttime="20200216 23:50:06.261" endtime="20200216 23:50:06.261"></status>
</kw>
<kw name="Sleep" library="BuiltIn">
<doc>Pauses the test executed for the given time.</doc>
<arguments>
<arg>1</arg>
</arguments>
<msg timestamp="20200216 23:50:07.262" level="INFO">Slept 1 second</msg>
<status status="PASS" starttime="20200216 23:50:06.261" endtime="20200216 23:50:07.262"></status>
</kw>
<kw name="Send" library="autoit">
<doc>Sends simulated keystrokes to the active window.
:param send_text:
:param mode: Changes how "keys" is processed:
    flag = 0 (default), Text contains special characters like + and ! to
     indicate SHIFT and ALT key presses.
    flag = 1, keys are sent raw.
:return:</doc>
<arguments>
<arg>{LWINUP}</arg>
</arguments>
<status status="PASS" starttime="20200216 23:50:07.262" endtime="20200216 23:50:07.262"></status>
</kw>
<kw name="Sleep" library="BuiltIn">
<doc>Pauses the test executed for the given time.</doc>
<arguments>
<arg>1</arg>
</arguments>
<msg timestamp="20200216 23:50:08.262" level="INFO">Slept 1 second</msg>
<status status="PASS" starttime="20200216 23:50:07.262" endtime="20200216 23:50:08.262"></status>
</kw>
<kw name="Take Screenshot" library="Screenshot">
<doc>Takes a screenshot in JPEG format and embeds it into the log file.</doc>
<arguments>
<arg>Screen_01.jpg</arg>
</arguments>
<msg timestamp="20200216 23:50:08.418" level="INFO" html="yes">&lt;a href="Screen_01.jpg"&gt;&lt;img src="Screen_01.jpg" width="800px"&gt;&lt;/a&gt;</msg>
<status status="PASS" starttime="20200216 23:50:08.262" endtime="20200216 23:50:08.418"></status>
</kw>
<kw name="Win Get Title" library="autoit">
<doc>:param title:
:param text:
:return:</doc>
<arguments>
<arg>[ACTIVE]</arg>
</arguments>
<assign>
<var>${WinTitle}</var>
</assign>
<msg timestamp="20200216 23:50:08.418" level="INFO">${WinTitle} = Run</msg>
<status status="PASS" starttime="20200216 23:50:08.418" endtime="20200216 23:50:08.418"></status>
</kw>
<kw name="Log" library="BuiltIn">
<doc>Logs the given message with the given level.</doc>
<arguments>
<arg>${WinTitle}</arg>
</arguments>
<msg timestamp="20200216 23:50:08.418" level="INFO">Run</msg>
<status status="PASS" starttime="20200216 23:50:08.418" endtime="20200216 23:50:08.418"></status>
</kw>
<kw name="Send" library="autoit">
<doc>Sends simulated keystrokes to the active window.
:param send_text:
:param mode: Changes how "keys" is processed:
    flag = 0 (default), Text contains special characters like + and ! to
     indicate SHIFT and ALT key presses.
    flag = 1, keys are sent raw.
:return:</doc>
<arguments>
<arg>{ESC}</arg>
</arguments>
<status status="PASS" starttime="20200216 23:50:08.418" endtime="20200216 23:50:08.433"></status>
</kw>
<kw name="Take Screenshot" library="Screenshot">
<doc>Takes a screenshot in JPEG format and embeds it into the log file.</doc>
<arguments>
<arg>Screen_02.jpg</arg>
</arguments>
<msg timestamp="20200216 23:50:08.512" level="INFO" html="yes">&lt;a href="Screen_02.jpg"&gt;&lt;img src="Screen_02.jpg" width="800px"&gt;&lt;/a&gt;</msg>
<status status="PASS" starttime="20200216 23:50:08.433" endtime="20200216 23:50:08.512"></status>
</kw>
<status status="PASS" starttime="20200216 23:50:05.246" endtime="20200216 23:50:08.512"></status>
</kw>
<status status="PASS" starttime="20200216 23:50:05.246" endtime="20200216 23:50:08.512" critical="yes"></status>
</test>
<status status="PASS" starttime="20200216 23:50:03.745" endtime="20200216 23:50:08.512"></status>
</suite>
<statistics>
<total>
<stat pass="1" fail="0">Critical Tests</stat>
<stat pass="1" fail="0">All Tests</stat>
</total>
<tag>
</tag>
<suite>
<stat pass="1" fail="0" id="s1" name="VerifyNotepad">VerifyNotepad</stat>
</suite>
</statistics>
<errors>
</errors>
</robot>
