<?xml version="1.0" encoding="UTF-8"?>
<robot generator="Robot 3.1.2 (Python 3.7.4 on win32)" generated="20200216 23:46:48.494" rpa="false">
<suite id="s1" name="ReadExcelData" source="F:\Study\RobotFramework\RobotFrameworkPilot\TestAsset\Scripts\ReadExcelData.robot">
<test id="s1-t1" name="AutomaticVariables">
<kw name="AutomaticVariables" library="Main">
<kw name="Log" library="BuiltIn">
<doc>Logs the given message with the given level.</doc>
<arguments>
<arg>${OUTPUT_DIR}</arg>
</arguments>
<msg timestamp="20200216 23:46:49.557" level="INFO">F:\Study\RobotFramework\RobotFrameworkPilot\Result\Result_02_16_2020_23_46_40\ReadExcelData\AutomaticVariables</msg>
<status status="PASS" starttime="20200216 23:46:49.557" endtime="20200216 23:46:49.557"></status>
</kw>
<kw name="Log" library="BuiltIn">
<doc>Logs the given message with the given level.</doc>
<arguments>
<arg>${TEST NAME}</arg>
</arguments>
<msg timestamp="20200216 23:46:49.557" level="INFO">AutomaticVariables</msg>
<status status="PASS" starttime="20200216 23:46:49.557" endtime="20200216 23:46:49.557"></status>
</kw>
<status status="PASS" starttime="20200216 23:46:49.557" endtime="20200216 23:46:49.557"></status>
</kw>
<status status="PASS" starttime="20200216 23:46:49.557" endtime="20200216 23:46:49.557" critical="yes"></status>
</test>
<status status="PASS" starttime="20200216 23:46:48.510" endtime="20200216 23:46:49.557"></status>
</suite>
<statistics>
<total>
<stat pass="1" fail="0">Critical Tests</stat>
<stat pass="1" fail="0">All Tests</stat>
</total>
<tag>
</tag>
<suite>
<stat pass="1" fail="0" id="s1" name="ReadExcelData">ReadExcelData</stat>
</suite>
</statistics>
<errors>
</errors>
</robot>
