<?xml version="1.0" encoding="UTF-8"?>
<robot generator="Robot 3.1.2 (Python 3.7.4 on win32)" generated="20200206 21:59:39.782" rpa="false">
<suite id="s1" name="WriteToExcel" source="F:\Study\RobotFramework\RobotFrameworkPilot\TestAsset\Scripts\WriteToExcel.robot">
<test id="s1-t1" name="WriteExcelData">
<kw name="SetData" library="Main">
<arguments>
<arg>DataTable.Data</arg>
<arg>TC_01</arg>
</arguments>
<kw name="Read Row" library="ExcelReader">
<arguments>
<arg>${Datatable}</arg>
<arg>${rowId}</arg>
</arguments>
<assign>
<var>${rowVar}</var>
</assign>
<msg timestamp="20200206 21:59:42.629" level="INFO">${rowVar} = {'Name': 'ABC', 'Age': 33, 'Marks': 25, 'Parallel_Instance': nan, 'Run_Flag': 'Y', 'Tag_Name': 'Smoke'}</msg>
<status status="PASS" starttime="20200206 21:59:42.332" endtime="20200206 21:59:42.629"></status>
</kw>
<kw name="Write To Excel" library="ExcelReader">
<arguments>
<arg>${rowVar}</arg>
<arg>Name</arg>
<arg>Hemendra</arg>
</arguments>
<status status="PASS" starttime="20200206 21:59:42.629" endtime="20200206 21:59:42.629"></status>
</kw>
<kw name="Read Row" library="ExcelReader">
<arguments>
<arg>${Datatable}</arg>
<arg>${rowId}</arg>
</arguments>
<assign>
<var>${rowVar}</var>
</assign>
<msg timestamp="20200206 21:59:42.660" level="INFO">${rowVar} = {'Name': 'ABC', 'Age': 33, 'Marks': 25, 'Parallel_Instance': nan, 'Run_Flag': 'Y', 'Tag_Name': 'Smoke'}</msg>
<status status="PASS" starttime="20200206 21:59:42.629" endtime="20200206 21:59:42.660"></status>
</kw>
<kw name="Log" library="BuiltIn">
<doc>Logs the given message with the given level.</doc>
<arguments>
<arg>${rowVar['Name']}</arg>
</arguments>
<msg timestamp="20200206 21:59:42.660" level="INFO">ABC</msg>
<status status="PASS" starttime="20200206 21:59:42.660" endtime="20200206 21:59:42.660"></status>
</kw>
<status status="PASS" starttime="20200206 21:59:42.332" endtime="20200206 21:59:42.660"></status>
</kw>
<status status="PASS" starttime="20200206 21:59:42.332" endtime="20200206 21:59:42.660" critical="yes"></status>
</test>
<status status="PASS" starttime="20200206 21:59:39.922" endtime="20200206 21:59:42.660"></status>
</suite>
<statistics>
<total>
<stat pass="1" fail="0">Critical Tests</stat>
<stat pass="1" fail="0">All Tests</stat>
</total>
<tag>
</tag>
<suite>
<stat pass="1" fail="0" id="s1" name="WriteToExcel">WriteToExcel</stat>
</suite>
</statistics>
<errors>
</errors>
</robot>
