<?xml version="1.0" encoding="UTF-8"?>
<robot generator="Rebot 3.1.2 (Python 3.7.4 on win32)" generated="20200216 23:50:13.715" rpa="false">
<suite id="s1" name="ReadExcelData" source="F:\Study\RobotFramework\RobotFrameworkPilot\TestAsset\Scripts\ReadExcelData.robot">
<test id="s1-t1" name="ReadData">
<kw name="GetData" library="Main">
<arguments>
<arg>DataTable.Data</arg>
<arg>TC_01</arg>
</arguments>
<kw name="Read Row" library="ExcelReader">
<arguments>
<arg>${Datatable}</arg>
<arg>${rowId}</arg>
</arguments>
<assign>
<var>${rowVar}</var>
</assign>
<msg timestamp="20200216 23:50:11.028" level="INFO">${rowVar} = {'Name': 'ABC', 'Age': 'Test', 'Marks': 25, 'Parallel_Instance': nan, 'Run_Flag': 'Y', 'Tag_Name': 'Smoke'}</msg>
<status status="PASS" starttime="20200216 23:50:11.012" endtime="20200216 23:50:11.028"></status>
</kw>
<kw name="Log" library="BuiltIn">
<doc>Logs the given message with the given level.</doc>
<arguments>
<arg>${rowVar['Name']}</arg>
</arguments>
<msg timestamp="20200216 23:50:11.028" level="INFO">ABC</msg>
<status status="PASS" starttime="20200216 23:50:11.028" endtime="20200216 23:50:11.028"></status>
</kw>
<kw name="Log" library="BuiltIn">
<doc>Logs the given message with the given level.</doc>
<arguments>
<arg>${rowVar['Age']}</arg>
</arguments>
<msg timestamp="20200216 23:50:11.028" level="INFO">Test</msg>
<status status="PASS" starttime="20200216 23:50:11.028" endtime="20200216 23:50:11.028"></status>
</kw>
<kw name="Log" library="BuiltIn">
<doc>Logs the given message with the given level.</doc>
<arguments>
<arg>${rowVar['Tag_Name']}</arg>
</arguments>
<msg timestamp="20200216 23:50:11.028" level="INFO">Smoke</msg>
<status status="PASS" starttime="20200216 23:50:11.028" endtime="20200216 23:50:11.028"></status>
</kw>
<status status="PASS" starttime="20200216 23:50:11.012" endtime="20200216 23:50:11.043"></status>
</kw>
<kw name="GetData" library="Main">
<arguments>
<arg>Kroll.Sheet1</arg>
<arg>Run</arg>
</arguments>
<kw name="Read Row" library="ExcelReader">
<arguments>
<arg>${Datatable}</arg>
<arg>${rowId}</arg>
</arguments>
<assign>
<var>${rowVar}</var>
</assign>
<msg timestamp="20200216 23:50:11.059" level="INFO">${rowVar} = {'Name': 'XYZ', 'Age': 12, 'Marks': 34, 'Parallel_Instance': 'Yes', 'Run_Flag': 'N', 'Tag_Name': 'Dry Run'}</msg>
<status status="PASS" starttime="20200216 23:50:11.043" endtime="20200216 23:50:11.059"></status>
</kw>
<kw name="Log" library="BuiltIn">
<doc>Logs the given message with the given level.</doc>
<arguments>
<arg>${rowVar['Name']}</arg>
</arguments>
<msg timestamp="20200216 23:50:11.059" level="INFO">XYZ</msg>
<status status="PASS" starttime="20200216 23:50:11.059" endtime="20200216 23:50:11.059"></status>
</kw>
<kw name="Log" library="BuiltIn">
<doc>Logs the given message with the given level.</doc>
<arguments>
<arg>${rowVar['Age']}</arg>
</arguments>
<msg timestamp="20200216 23:50:11.059" level="INFO">12</msg>
<status status="PASS" starttime="20200216 23:50:11.059" endtime="20200216 23:50:11.059"></status>
</kw>
<kw name="Log" library="BuiltIn">
<doc>Logs the given message with the given level.</doc>
<arguments>
<arg>${rowVar['Tag_Name']}</arg>
</arguments>
<msg timestamp="20200216 23:50:11.059" level="INFO">Dry Run</msg>
<status status="PASS" starttime="20200216 23:50:11.059" endtime="20200216 23:50:11.059"></status>
</kw>
<status status="PASS" starttime="20200216 23:50:11.043" endtime="20200216 23:50:11.059"></status>
</kw>
<kw name="GetData" library="Main">
<arguments>
<arg>Kroll.Sheet2</arg>
<arg>New</arg>
</arguments>
<kw name="Read Row" library="ExcelReader">
<arguments>
<arg>${Datatable}</arg>
<arg>${rowId}</arg>
</arguments>
<assign>
<var>${rowVar}</var>
</assign>
<msg timestamp="20200216 23:50:11.074" level="INFO">${rowVar} = {'Name': 'ABC', 'Age': 33, 'Marks': 25, 'Parallel_Instance': nan, 'Run_Flag': 'Y', 'Tag_Name': 'Smoke'}</msg>
<status status="PASS" starttime="20200216 23:50:11.059" endtime="20200216 23:50:11.074"></status>
</kw>
<kw name="Log" library="BuiltIn">
<doc>Logs the given message with the given level.</doc>
<arguments>
<arg>${rowVar['Name']}</arg>
</arguments>
<msg timestamp="20200216 23:50:11.074" level="INFO">ABC</msg>
<status status="PASS" starttime="20200216 23:50:11.074" endtime="20200216 23:50:11.074"></status>
</kw>
<kw name="Log" library="BuiltIn">
<doc>Logs the given message with the given level.</doc>
<arguments>
<arg>${rowVar['Age']}</arg>
</arguments>
<msg timestamp="20200216 23:50:11.074" level="INFO">33</msg>
<status status="PASS" starttime="20200216 23:50:11.074" endtime="20200216 23:50:11.074"></status>
</kw>
<kw name="Log" library="BuiltIn">
<doc>Logs the given message with the given level.</doc>
<arguments>
<arg>${rowVar['Tag_Name']}</arg>
</arguments>
<msg timestamp="20200216 23:50:11.074" level="INFO">Smoke</msg>
<status status="PASS" starttime="20200216 23:50:11.074" endtime="20200216 23:50:11.074"></status>
</kw>
<status status="PASS" starttime="20200216 23:50:11.059" endtime="20200216 23:50:11.074"></status>
</kw>
<status status="PASS" starttime="20200216 23:50:11.012" endtime="20200216 23:50:11.074" critical="yes"></status>
</test>
<test id="s1-t2" name="AutomaticVariables">
<kw name="AutomaticVariables" library="Main">
<kw name="Log" library="BuiltIn">
<doc>Logs the given message with the given level.</doc>
<arguments>
<arg>${OUTPUT_DIR}</arg>
</arguments>
<msg timestamp="20200216 23:50:13.075" level="INFO">F:\Study\RobotFramework\RobotFrameworkPilot\Result\Result_02_16_2020_23_50_03\ReadExcelData\AutomaticVariables</msg>
<status status="PASS" starttime="20200216 23:50:13.075" endtime="20200216 23:50:13.075"></status>
</kw>
<kw name="Log" library="BuiltIn">
<doc>Logs the given message with the given level.</doc>
<arguments>
<arg>${TEST NAME}</arg>
</arguments>
<msg timestamp="20200216 23:50:13.075" level="INFO">AutomaticVariables</msg>
<status status="PASS" starttime="20200216 23:50:13.075" endtime="20200216 23:50:13.075"></status>
</kw>
<status status="PASS" starttime="20200216 23:50:13.075" endtime="20200216 23:50:13.075"></status>
</kw>
<status status="PASS" starttime="20200216 23:50:13.075" endtime="20200216 23:50:13.075" critical="yes">*HTML* Test added from merged output.</status>
</test>
<status status="PASS" starttime="N/A" endtime="N/A" elapsedtime="62"></status>
</suite>
<statistics>
<total>
<stat pass="2" fail="0">Critical Tests</stat>
<stat pass="2" fail="0">All Tests</stat>
</total>
<tag>
</tag>
<suite>
<stat pass="2" fail="0" id="s1" name="ReadExcelData">ReadExcelData</stat>
</suite>
</statistics>
<errors>
</errors>
</robot>
