<?xml version="1.0" encoding="UTF-8"?>
<robot generator="Robot 3.1.2 (Python 3.7.4 on win32)" generated="20200206 21:42:22.877" rpa="false">
<suite id="s1" name="TC 01" source="F:\Study\RobotFramework\RobotFrameworkPilot\TestAsset\Scripts\TC_01.robot">
<test id="s1-t1" name="Verify Notepad">
<kw name="OpenNotepad" library="Main">
<kw name="Send" library="autoit">
<doc>Sends simulated keystrokes to the active window.
:param send_text:
:param mode: Changes how "keys" is processed:
    flag = 0 (default), Text contains special characters like + and ! to
     indicate SHIFT and ALT key presses.
    flag = 1, keys are sent raw.
:return:</doc>
<arguments>
<arg>{LWINDOWN}</arg>
</arguments>
<status status="PASS" starttime="20200206 21:42:24.018" endtime="20200206 21:42:24.018"></status>
</kw>
<kw name="Sleep" library="BuiltIn">
<doc>Pauses the test executed for the given time.</doc>
<arguments>
<arg>1</arg>
</arguments>
<msg timestamp="20200206 21:42:25.018" level="INFO">Slept 1 second</msg>
<status status="PASS" starttime="20200206 21:42:24.018" endtime="20200206 21:42:25.018"></status>
</kw>
<kw name="Send" library="autoit">
<doc>Sends simulated keystrokes to the active window.
:param send_text:
:param mode: Changes how "keys" is processed:
    flag = 0 (default), Text contains special characters like + and ! to
     indicate SHIFT and ALT key presses.
    flag = 1, keys are sent raw.
:return:</doc>
<arguments>
<arg>{r}</arg>
</arguments>
<status status="PASS" starttime="20200206 21:42:25.018" endtime="20200206 21:42:25.018"></status>
</kw>
<kw name="Sleep" library="BuiltIn">
<doc>Pauses the test executed for the given time.</doc>
<arguments>
<arg>1</arg>
</arguments>
<msg timestamp="20200206 21:42:26.018" level="INFO">Slept 1 second</msg>
<status status="PASS" starttime="20200206 21:42:25.018" endtime="20200206 21:42:26.018"></status>
</kw>
<kw name="Send" library="autoit">
<doc>Sends simulated keystrokes to the active window.
:param send_text:
:param mode: Changes how "keys" is processed:
    flag = 0 (default), Text contains special characters like + and ! to
     indicate SHIFT and ALT key presses.
    flag = 1, keys are sent raw.
:return:</doc>
<arguments>
<arg>{LWINUP}</arg>
</arguments>
<status status="PASS" starttime="20200206 21:42:26.018" endtime="20200206 21:42:26.018"></status>
</kw>
<kw name="Sleep" library="BuiltIn">
<doc>Pauses the test executed for the given time.</doc>
<arguments>
<arg>1</arg>
</arguments>
<msg timestamp="20200206 21:42:27.018" level="INFO">Slept 1 second</msg>
<status status="PASS" starttime="20200206 21:42:26.018" endtime="20200206 21:42:27.018"></status>
</kw>
<kw name="Take Screenshot" library="Screenshot">
<doc>Takes a screenshot in JPEG format and embeds it into the log file.</doc>
<arguments>
<arg>Screen_01.jpg</arg>
</arguments>
<msg timestamp="20200206 21:42:27.596" level="INFO" html="yes">&lt;a href="Screen_01.jpg"&gt;&lt;img src="Screen_01.jpg" width="800px"&gt;&lt;/a&gt;</msg>
<status status="PASS" starttime="20200206 21:42:27.018" endtime="20200206 21:42:27.612"></status>
</kw>
<kw name="Win Get Title" library="autoit">
<doc>:param title:
:param text:
:return:</doc>
<arguments>
<arg>[ACTIVE]</arg>
</arguments>
<assign>
<var>${WinTitle}</var>
</assign>
<msg timestamp="20200206 21:42:27.612" level="INFO">${WinTitle} = Run</msg>
<status status="PASS" starttime="20200206 21:42:27.612" endtime="20200206 21:42:27.612"></status>
</kw>
<kw name="Log" library="BuiltIn">
<doc>Logs the given message with the given level.</doc>
<arguments>
<arg>${WinTitle}</arg>
</arguments>
<msg timestamp="20200206 21:42:27.612" level="INFO">Run</msg>
<status status="PASS" starttime="20200206 21:42:27.612" endtime="20200206 21:42:27.612"></status>
</kw>
<kw name="Send" library="autoit">
<doc>Sends simulated keystrokes to the active window.
:param send_text:
:param mode: Changes how "keys" is processed:
    flag = 0 (default), Text contains special characters like + and ! to
     indicate SHIFT and ALT key presses.
    flag = 1, keys are sent raw.
:return:</doc>
<arguments>
<arg>{ESC}</arg>
</arguments>
<status status="PASS" starttime="20200206 21:42:27.612" endtime="20200206 21:42:27.612"></status>
</kw>
<kw name="Take Screenshot" library="Screenshot">
<doc>Takes a screenshot in JPEG format and embeds it into the log file.</doc>
<arguments>
<arg>Screen_02.jpg</arg>
</arguments>
<msg timestamp="20200206 21:42:27.674" level="INFO" html="yes">&lt;a href="Screen_02.jpg"&gt;&lt;img src="Screen_02.jpg" width="800px"&gt;&lt;/a&gt;</msg>
<status status="PASS" starttime="20200206 21:42:27.612" endtime="20200206 21:42:27.674"></status>
</kw>
<status status="PASS" starttime="20200206 21:42:24.018" endtime="20200206 21:42:27.674"></status>
</kw>
<status status="PASS" starttime="20200206 21:42:24.002" endtime="20200206 21:42:27.674" critical="yes"></status>
</test>
<status status="PASS" starttime="20200206 21:42:22.908" endtime="20200206 21:42:27.674"></status>
</suite>
<statistics>
<total>
<stat pass="1" fail="0">Critical Tests</stat>
<stat pass="1" fail="0">All Tests</stat>
</total>
<tag>
</tag>
<suite>
<stat pass="1" fail="0" id="s1" name="TC 01">TC 01</stat>
</suite>
</statistics>
<errors>
</errors>
</robot>
